[2024-04-26T07:13:23.261+0000] {local_task_job_runner.py:120} INFO - ::group::Pre task execution logs
[2024-04-26T07:13:23.274+0000] {taskinstance.py:2073} INFO - Dependencies all met for dep_context=non-requeueable deps ti=<TaskInstance: stream-dag.copy_object manual__2024-04-26T07:13:20.499970+00:00 [queued]>
[2024-04-26T07:13:23.280+0000] {taskinstance.py:2073} INFO - Dependencies all met for dep_context=requeueable deps ti=<TaskInstance: stream-dag.copy_object manual__2024-04-26T07:13:20.499970+00:00 [queued]>
[2024-04-26T07:13:23.280+0000] {taskinstance.py:2303} INFO - Starting attempt 1 of 1
[2024-04-26T07:13:23.289+0000] {taskinstance.py:2327} INFO - Executing <Task(S3CopyObjectOperator): copy_object> on 2024-04-26 07:13:20.499970+00:00
[2024-04-26T07:13:23.297+0000] {warnings.py:110} WARNING - /home/***/.local/lib/python3.12/site-packages/***/task/task_runner/standard_task_runner.py:61: DeprecationWarning: This process (pid=618) is multi-threaded, use of fork() may lead to deadlocks in the child.
  pid = os.fork()

[2024-04-26T07:13:23.300+0000] {standard_task_runner.py:63} INFO - Started process 622 to run task
[2024-04-26T07:13:23.301+0000] {standard_task_runner.py:90} INFO - Running: ['***', 'tasks', 'run', 'stream-dag', 'copy_object', 'manual__2024-04-26T07:13:20.499970+00:00', '--job-id', '7', '--raw', '--subdir', 'DAGS_FOLDER/new-dag.py', '--cfg-path', '/tmp/tmpct_pkr4h']
[2024-04-26T07:13:23.306+0000] {standard_task_runner.py:91} INFO - Job 7: Subtask copy_object
[2024-04-26T07:13:23.361+0000] {task_command.py:426} INFO - Running <TaskInstance: stream-dag.copy_object manual__2024-04-26T07:13:20.499970+00:00 [running]> on host 701d3b82b873
[2024-04-26T07:13:23.441+0000] {taskinstance.py:2644} INFO - Exporting env vars: AIRFLOW_CTX_DAG_OWNER='***' AIRFLOW_CTX_DAG_ID='stream-dag' AIRFLOW_CTX_TASK_ID='copy_object' AIRFLOW_CTX_EXECUTION_DATE='2024-04-26T07:13:20.499970+00:00' AIRFLOW_CTX_TRY_NUMBER='1' AIRFLOW_CTX_DAG_RUN_ID='manual__2024-04-26T07:13:20.499970+00:00'
[2024-04-26T07:13:23.443+0000] {taskinstance.py:430} INFO - ::endgroup::
[2024-04-26T07:13:23.450+0000] {base.py:84} INFO - Using connection ID 'aws-conn-new' for task execution.
[2024-04-26T07:13:23.451+0000] {connection_wrapper.py:384} INFO - AWS Connection (conn_id='aws-conn-new', conn_type='aws') credentials retrieved from login and password.
[2024-04-26T07:13:24.736+0000] {taskinstance.py:441} INFO - ::group::Post task execution logs
[2024-04-26T07:13:24.743+0000] {taskinstance.py:1205} INFO - Marking task as SUCCESS. dag_id=stream-dag, task_id=copy_object, execution_date=20240426T071320, start_date=20240426T071323, end_date=20240426T071324
[2024-04-26T07:13:24.798+0000] {local_task_job_runner.py:240} INFO - Task exited with return code 0
[2024-04-26T07:13:24.809+0000] {taskinstance.py:3482} INFO - 0 downstream tasks scheduled from follow-on schedule check
[2024-04-26T07:13:24.810+0000] {local_task_job_runner.py:222} INFO - ::endgroup::
