[2024-04-26T06:39:47.233+0000] {local_task_job_runner.py:120} INFO - ::group::Pre task execution logs
[2024-04-26T06:39:47.261+0000] {taskinstance.py:2073} INFO - Dependencies all met for dep_context=non-requeueable deps ti=<TaskInstance: stream-dag.process_user manual__2024-04-26T06:39:43.081177+00:00 [queued]>
[2024-04-26T06:39:47.269+0000] {taskinstance.py:2073} INFO - Dependencies all met for dep_context=requeueable deps ti=<TaskInstance: stream-dag.process_user manual__2024-04-26T06:39:43.081177+00:00 [queued]>
[2024-04-26T06:39:47.269+0000] {taskinstance.py:2303} INFO - Starting attempt 1 of 1
[2024-04-26T06:39:47.282+0000] {taskinstance.py:2327} INFO - Executing <Task(PythonOperator): process_user> on 2024-04-26 06:39:43.081177+00:00
[2024-04-26T06:39:47.296+0000] {warnings.py:110} WARNING - /home/***/.local/lib/python3.12/site-packages/***/task/task_runner/standard_task_runner.py:61: DeprecationWarning: This process (pid=193) is multi-threaded, use of fork() may lead to deadlocks in the child.
  pid = os.fork()

[2024-04-26T06:39:47.298+0000] {standard_task_runner.py:63} INFO - Started process 195 to run task
[2024-04-26T06:39:47.299+0000] {standard_task_runner.py:90} INFO - Running: ['***', 'tasks', 'run', 'stream-dag', 'process_user', 'manual__2024-04-26T06:39:43.081177+00:00', '--job-id', '3', '--raw', '--subdir', 'DAGS_FOLDER/new-dag.py', '--cfg-path', '/tmp/tmpksqs0eu9']
[2024-04-26T06:39:47.302+0000] {standard_task_runner.py:91} INFO - Job 3: Subtask process_user
[2024-04-26T06:39:47.379+0000] {task_command.py:426} INFO - Running <TaskInstance: stream-dag.process_user manual__2024-04-26T06:39:43.081177+00:00 [running]> on host 701d3b82b873
[2024-04-26T06:39:47.500+0000] {taskinstance.py:2644} INFO - Exporting env vars: AIRFLOW_CTX_DAG_OWNER='***' AIRFLOW_CTX_DAG_ID='stream-dag' AIRFLOW_CTX_TASK_ID='process_user' AIRFLOW_CTX_EXECUTION_DATE='2024-04-26T06:39:43.081177+00:00' AIRFLOW_CTX_TRY_NUMBER='1' AIRFLOW_CTX_DAG_RUN_ID='manual__2024-04-26T06:39:43.081177+00:00'
[2024-04-26T06:39:47.504+0000] {taskinstance.py:430} INFO - ::endgroup::
[2024-04-26T06:39:47.505+0000] {logging_mixin.py:188} INFO - hello DUYCAO
[2024-04-26T06:39:47.505+0000] {python.py:237} INFO - Done. Returned value was: None
[2024-04-26T06:39:47.505+0000] {taskinstance.py:441} INFO - ::group::Post task execution logs
[2024-04-26T06:39:47.512+0000] {taskinstance.py:1205} INFO - Marking task as SUCCESS. dag_id=stream-dag, task_id=process_user, execution_date=20240426T063943, start_date=20240426T063947, end_date=20240426T063947
[2024-04-26T06:39:47.552+0000] {local_task_job_runner.py:240} INFO - Task exited with return code 0
[2024-04-26T06:39:47.568+0000] {taskinstance.py:3482} INFO - 0 downstream tasks scheduled from follow-on schedule check
[2024-04-26T06:39:47.569+0000] {local_task_job_runner.py:222} INFO - ::endgroup::
