[2024-04-28T02:21:15.869+0000] {local_task_job_runner.py:120} INFO - ::group::Pre task execution logs
[2024-04-28T02:21:15.884+0000] {taskinstance.py:2073} INFO - Dependencies all met for dep_context=non-requeueable deps ti=<TaskInstance: stream-dag.get-object manual__2024-04-28T02:18:56.651007+00:00 [queued]>
[2024-04-28T02:21:15.889+0000] {taskinstance.py:2073} INFO - Dependencies all met for dep_context=requeueable deps ti=<TaskInstance: stream-dag.get-object manual__2024-04-28T02:18:56.651007+00:00 [queued]>
[2024-04-28T02:21:15.889+0000] {taskinstance.py:2303} INFO - Starting attempt 2 of 2
[2024-04-28T02:21:15.898+0000] {taskinstance.py:2327} INFO - Executing <Task(PythonOperator): get-object> on 2024-04-28 02:18:56.651007+00:00
[2024-04-28T02:21:15.905+0000] {warnings.py:110} WARNING - /home/***/.local/lib/python3.12/site-packages/***/task/task_runner/standard_task_runner.py:61: DeprecationWarning: This process (pid=6414) is multi-threaded, use of fork() may lead to deadlocks in the child.
  pid = os.fork()

[2024-04-28T02:21:15.906+0000] {standard_task_runner.py:63} INFO - Started process 6418 to run task
[2024-04-28T02:21:15.907+0000] {standard_task_runner.py:90} INFO - Running: ['***', 'tasks', 'run', 'stream-dag', 'get-object', 'manual__2024-04-28T02:18:56.651007+00:00', '--job-id', '26', '--raw', '--subdir', 'DAGS_FOLDER/new-dag.py', '--cfg-path', '/tmp/tmp6po8ap0j']
[2024-04-28T02:21:15.908+0000] {standard_task_runner.py:91} INFO - Job 26: Subtask get-object
[2024-04-28T02:21:15.952+0000] {task_command.py:426} INFO - Running <TaskInstance: stream-dag.get-object manual__2024-04-28T02:18:56.651007+00:00 [running]> on host 2589f30e9678
[2024-04-28T02:21:16.024+0000] {taskinstance.py:2644} INFO - Exporting env vars: AIRFLOW_CTX_DAG_OWNER='***' AIRFLOW_CTX_DAG_ID='stream-dag' AIRFLOW_CTX_TASK_ID='get-object' AIRFLOW_CTX_EXECUTION_DATE='2024-04-28T02:18:56.651007+00:00' AIRFLOW_CTX_TRY_NUMBER='2' AIRFLOW_CTX_DAG_RUN_ID='manual__2024-04-28T02:18:56.651007+00:00'
[2024-04-28T02:21:16.026+0000] {taskinstance.py:430} INFO - ::endgroup::
[2024-04-28T02:21:16.826+0000] {logging_mixin.py:188} INFO -                      order_id  ...             order_timestamp
0  2024-04-26T01:37:35.566158  ...  2024-04-26T01:37:35.566158

[1 rows x 4 columns]
[2024-04-28T02:21:16.830+0000] {logging_mixin.py:188} INFO -                 order_list_id product_id quantity
0  2024-04-26T01:37:35.566158          1        2
1  2024-04-26T01:37:35.566158          2        3
[2024-04-28T02:21:16.964+0000] {logging_mixin.py:188} INFO -                      order_id  ...             order_timestamp
0  2024-04-26T01:38:54.876610  ...  2024-04-26T01:38:54.876610

[1 rows x 4 columns]
[2024-04-28T02:21:16.966+0000] {logging_mixin.py:188} INFO -                 order_list_id product_id quantity
0  2024-04-26T01:38:54.876610          1        2
1  2024-04-26T01:38:54.876610          2        3
[2024-04-28T02:21:17.100+0000] {logging_mixin.py:188} INFO -                      order_id  ...             order_timestamp
0  2024-04-26T01:51:58.960438  ...  2024-04-26T01:51:58.960438

[1 rows x 4 columns]
[2024-04-28T02:21:17.103+0000] {logging_mixin.py:188} INFO -                 order_list_id product_id quantity
0  2024-04-26T01:51:58.960438          1        2
1  2024-04-26T01:51:58.960438          2        3
[2024-04-28T02:21:17.239+0000] {logging_mixin.py:188} INFO -                      order_id  ...             order_timestamp
0  2024-04-26T00:34:50.821265  ...  2024-04-26T00:34:50.821265

[1 rows x 4 columns]
[2024-04-28T02:21:17.242+0000] {logging_mixin.py:188} INFO -                 order_list_id product_id quantity
0  2024-04-26T00:34:50.821265          1        2
1  2024-04-26T00:34:50.821265          2        3
[2024-04-28T02:21:17.245+0000] {python.py:237} INFO - Done. Returned value was: None
[2024-04-28T02:21:17.246+0000] {taskinstance.py:441} INFO - ::group::Post task execution logs
[2024-04-28T02:21:17.259+0000] {taskinstance.py:1205} INFO - Marking task as SUCCESS. dag_id=stream-dag, task_id=get-object, execution_date=20240428T021856, start_date=20240428T022115, end_date=20240428T022117
[2024-04-28T02:21:17.283+0000] {local_task_job_runner.py:240} INFO - Task exited with return code 0
[2024-04-28T02:21:17.300+0000] {taskinstance.py:3482} INFO - 0 downstream tasks scheduled from follow-on schedule check
[2024-04-28T02:21:17.302+0000] {local_task_job_runner.py:222} INFO - ::endgroup::
